<?xml version="1.0" encoding="UTF-8"?>
<testng-results skipped="0" failed="0" total="1" passed="1">
  <reporter-output>
    <line>
      <![CDATA[Execution is going to Start]]>
    </line>
  </reporter-output>
  <suite name="Suite" duration-ms="37300" started-at="2020-06-07T13:22:40Z" finished-at="2020-06-07T13:23:17Z">
    <groups>
    </groups>
    <test name="Test" duration-ms="37300" started-at="2020-06-07T13:22:40Z" finished-at="2020-06-07T13:23:17Z">
      <class name="TEST.TESTFramework">
        <test-method status="PASS" signature="openbrowser()[pri:0, instance:TEST.TESTFramework@482f8f11]" name="openbrowser" is-config="true" duration-ms="31294" started-at="2020-06-07T18:52:40Z" finished-at="2020-06-07T18:53:11Z">
          <reporter-output>
          </reporter-output>
        </test-method> <!-- openbrowser -->
        <test-method status="PASS" signature="startExecution()[pri:0, instance:TEST.TESTFramework@482f8f11]" name="startExecution" is-config="true" duration-ms="0" started-at="2020-06-07T18:53:12Z" finished-at="2020-06-07T18:53:12Z">
          <reporter-output>
            <line>
              <![CDATA[Execution is going to Start]]>
            </line>
          </reporter-output>
        </test-method> <!-- startExecution -->
        <test-method status="PASS" signature="submit()[pri:0, instance:TEST.TESTFramework@482f8f11]" name="submit" duration-ms="5961" started-at="2020-06-07T18:53:12Z" finished-at="2020-06-07T18:53:17Z">
          <reporter-output>
          </reporter-output>
        </test-method> <!-- submit -->
      </class> <!-- TEST.TESTFramework -->
    </test> <!-- Test -->
  </suite> <!-- Suite -->
</testng-results>
